<?xml version="1.0" encoding="UTF-8"?>
<robot generator="Robot 6.1 (Python 3.11.4 on win32)" generated="20230719 17:21:58.235" rpa="false" schemaversion="4">
<suite id="s1" name="Verify Valid Login Suite Csv" source="C:\Mine\Company\CGI Python Robot July 2023\OpenEMRRobotFramework\tests\1__login_suite\4__verify_valid_login_suite_csv.robot">
<test id="s1-t1" name="Verify Valid Login_TC1" line="16">
<kw name="Launch Browser And Navigate To URL" library="CommonFunctionalities" type="SETUP">
<kw name="Open Browser" library="SeleniumLibrary">
<arg>browser=${BROWSER_NAME}</arg>
<doc>Opens a new browser instance to the optional ``url``.</doc>
<msg timestamp="20230719 17:22:01.449" level="INFO">Opening browser 'chrome' to base url 'None'.</msg>
<msg timestamp="20230719 17:22:01.536" level="INFO">Executing: C:\Program Files\Python311\Lib\site-packages\selenium\webdriver\common\windows\selenium-manager.exe --browser chrome --output json</msg>
<status status="PASS" starttime="20230719 17:22:01.445" endtime="20230719 17:22:08.544"/>
</kw>
<kw name="Maximize Browser Window" library="SeleniumLibrary">
<doc>Maximizes current browser window.</doc>
<status status="PASS" starttime="20230719 17:22:08.549" endtime="20230719 17:22:08.753"/>
</kw>
<kw name="Set Selenium Implicit Wait" library="SeleniumLibrary">
<arg>20s</arg>
<doc>Sets the implicit wait value used by Selenium.</doc>
<status status="PASS" starttime="20230719 17:22:08.756" endtime="20230719 17:22:08.773"/>
</kw>
<kw name="Go To" library="SeleniumLibrary">
<arg>url=${URL}</arg>
<doc>Navigates the current browser window to the provided ``url``.</doc>
<msg timestamp="20230719 17:22:08.782" level="INFO">Opening url 'https://demo.openemr.io/b/openemr'</msg>
<status status="PASS" starttime="20230719 17:22:08.776" endtime="20230719 17:22:13.945"/>
</kw>
<kw name="Set Screenshot Directory" library="SeleniumLibrary">
<arg>${EXECDIR}${/}log${/}screenshots</arg>
<doc>Sets the directory for captured screenshots.</doc>
<status status="PASS" starttime="20230719 17:22:13.949" endtime="20230719 17:22:13.960"/>
</kw>
<status status="PASS" starttime="20230719 17:22:01.440" endtime="20230719 17:22:13.963"/>
</kw>
<kw name="Verify Valid Login Template">
<arg>physician</arg>
<arg>physician</arg>
<arg>English (Indian)</arg>
<arg>OpenEMR</arg>
<kw name="Input Text" library="SeleniumLibrary">
<arg>id=authUser</arg>
<arg>${username}</arg>
<doc>Types the given ``text`` into the text field identified by ``locator``.</doc>
<msg timestamp="20230719 17:22:14.001" level="INFO">Typing text 'physician' into text field 'id=authUser'.</msg>
<status status="PASS" starttime="20230719 17:22:13.976" endtime="20230719 17:22:14.811"/>
</kw>
<kw name="Input Password" library="SeleniumLibrary">
<arg>css=#clearPass</arg>
<arg>${password}</arg>
<doc>Types the given password into the text field identified by ``locator``.</doc>
<msg timestamp="20230719 17:22:14.818" level="INFO">Typing password into text field 'css=#clearPass'.</msg>
<msg timestamp="20230719 17:22:15.090" level="INFO">Temporally setting log level to: NONE</msg>
<msg timestamp="20230719 17:22:15.546" level="INFO">Log level changed from NONE to INFO.</msg>
<status status="PASS" starttime="20230719 17:22:14.813" endtime="20230719 17:22:15.548"/>
</kw>
<kw name="Select From List By Label" library="SeleniumLibrary">
<arg>name=languageChoice</arg>
<arg>${langauge}</arg>
<doc>Selects options from selection list ``locator`` by ``labels``.</doc>
<msg timestamp="20230719 17:22:15.560" level="INFO">Selecting options from selection list 'name=languageChoice' by label English (Indian).</msg>
<status status="PASS" starttime="20230719 17:22:15.552" endtime="20230719 17:22:16.235"/>
</kw>
<kw name="Click Element" library="SeleniumLibrary">
<arg>id=login-button</arg>
<doc>Click the element identified by ``locator``.</doc>
<msg timestamp="20230719 17:22:16.246" level="INFO">Clicking element 'id=login-button'.</msg>
<status status="PASS" starttime="20230719 17:22:16.240" endtime="20230719 17:22:22.521"/>
</kw>
<kw name="Title Should Be" library="SeleniumLibrary">
<arg>${expected_title}</arg>
<doc>Verifies that the current page title equals ``title``.</doc>
<msg timestamp="20230719 17:22:22.582" level="INFO">Page title is 'OpenEMR'.</msg>
<status status="PASS" starttime="20230719 17:22:22.526" endtime="20230719 17:22:22.583"/>
</kw>
<status status="PASS" starttime="20230719 17:22:13.968" endtime="20230719 17:22:22.585"/>
</kw>
<kw name="Close Browser" library="SeleniumLibrary" type="TEARDOWN">
<doc>Closes the current browser.</doc>
<status status="PASS" starttime="20230719 17:22:22.587" endtime="20230719 17:22:25.755"/>
</kw>
<status status="PASS" starttime="20230719 17:22:01.427" endtime="20230719 17:22:25.756"/>
</test>
<test id="s1-t2" name="Verify Valid Login_TC2" line="16">
<kw name="Launch Browser And Navigate To URL" library="CommonFunctionalities" type="SETUP">
<kw name="Open Browser" library="SeleniumLibrary">
<arg>browser=${BROWSER_NAME}</arg>
<doc>Opens a new browser instance to the optional ``url``.</doc>
<msg timestamp="20230719 17:22:25.776" level="INFO">Opening browser 'chrome' to base url 'None'.</msg>
<msg timestamp="20230719 17:22:25.839" level="INFO">Executing: C:\Program Files\Python311\Lib\site-packages\selenium\webdriver\common\windows\selenium-manager.exe --browser chrome --output json</msg>
<status status="PASS" starttime="20230719 17:22:25.773" endtime="20230719 17:22:35.203"/>
</kw>
<kw name="Maximize Browser Window" library="SeleniumLibrary">
<doc>Maximizes current browser window.</doc>
<status status="PASS" starttime="20230719 17:22:35.206" endtime="20230719 17:22:35.428"/>
</kw>
<kw name="Set Selenium Implicit Wait" library="SeleniumLibrary">
<arg>20s</arg>
<doc>Sets the implicit wait value used by Selenium.</doc>
<status status="PASS" starttime="20230719 17:22:35.432" endtime="20230719 17:22:35.450"/>
</kw>
<kw name="Go To" library="SeleniumLibrary">
<arg>url=${URL}</arg>
<doc>Navigates the current browser window to the provided ``url``.</doc>
<msg timestamp="20230719 17:22:35.466" level="INFO">Opening url 'https://demo.openemr.io/b/openemr'</msg>
<status status="PASS" starttime="20230719 17:22:35.453" endtime="20230719 17:22:40.922"/>
</kw>
<kw name="Set Screenshot Directory" library="SeleniumLibrary">
<arg>${EXECDIR}${/}log${/}screenshots</arg>
<doc>Sets the directory for captured screenshots.</doc>
<status status="PASS" starttime="20230719 17:22:40.925" endtime="20230719 17:22:40.936"/>
</kw>
<status status="PASS" starttime="20230719 17:22:25.769" endtime="20230719 17:22:40.939"/>
</kw>
<kw name="Verify Valid Login Template">
<arg>admin</arg>
<arg>pass</arg>
<arg>English (Indian)</arg>
<arg>OpenEMR</arg>
<kw name="Input Text" library="SeleniumLibrary">
<arg>id=authUser</arg>
<arg>${username}</arg>
<doc>Types the given ``text`` into the text field identified by ``locator``.</doc>
<msg timestamp="20230719 17:22:40.956" level="INFO">Typing text 'admin' into text field 'id=authUser'.</msg>
<status status="PASS" starttime="20230719 17:22:40.948" endtime="20230719 17:22:41.742"/>
</kw>
<kw name="Input Password" library="SeleniumLibrary">
<arg>css=#clearPass</arg>
<arg>${password}</arg>
<doc>Types the given password into the text field identified by ``locator``.</doc>
<msg timestamp="20230719 17:22:41.748" level="INFO">Typing password into text field 'css=#clearPass'.</msg>
<msg timestamp="20230719 17:22:42.020" level="INFO">Temporally setting log level to: NONE</msg>
<msg timestamp="20230719 17:22:42.488" level="INFO">Log level changed from NONE to INFO.</msg>
<status status="PASS" starttime="20230719 17:22:41.744" endtime="20230719 17:22:42.490"/>
</kw>
<kw name="Select From List By Label" library="SeleniumLibrary">
<arg>name=languageChoice</arg>
<arg>${langauge}</arg>
<doc>Selects options from selection list ``locator`` by ``labels``.</doc>
<msg timestamp="20230719 17:22:42.502" level="INFO">Selecting options from selection list 'name=languageChoice' by label English (Indian).</msg>
<status status="PASS" starttime="20230719 17:22:42.495" endtime="20230719 17:22:43.142"/>
</kw>
<kw name="Click Element" library="SeleniumLibrary">
<arg>id=login-button</arg>
<doc>Click the element identified by ``locator``.</doc>
<msg timestamp="20230719 17:22:43.151" level="INFO">Clicking element 'id=login-button'.</msg>
<status status="PASS" starttime="20230719 17:22:43.145" endtime="20230719 17:22:49.220"/>
</kw>
<kw name="Title Should Be" library="SeleniumLibrary">
<arg>${expected_title}</arg>
<doc>Verifies that the current page title equals ``title``.</doc>
<msg timestamp="20230719 17:22:49.305" level="INFO">Page title is 'OpenEMR'.</msg>
<status status="PASS" starttime="20230719 17:22:49.223" endtime="20230719 17:22:49.307"/>
</kw>
<status status="PASS" starttime="20230719 17:22:40.942" endtime="20230719 17:22:49.309"/>
</kw>
<kw name="Close Browser" library="SeleniumLibrary" type="TEARDOWN">
<doc>Closes the current browser.</doc>
<status status="PASS" starttime="20230719 17:22:49.314" endtime="20230719 17:22:52.182"/>
</kw>
<status status="PASS" starttime="20230719 17:22:25.758" endtime="20230719 17:22:52.184"/>
</test>
<doc>This suite file verify the valid users are allowed to access the portal
Here is the example for data driven using excel</doc>
<status status="PASS" starttime="20230719 17:21:58.256" endtime="20230719 17:22:52.188"/>
</suite>
<statistics>
<total>
<stat pass="2" fail="0" skip="0">All Tests</stat>
</total>
<tag>
</tag>
<suite>
<stat pass="2" fail="0" skip="0" id="s1" name="Verify Valid Login Suite Csv">Verify Valid Login Suite Csv</stat>
</suite>
</statistics>
<errors>
</errors>
</robot>
