<?xml version="1.0" encoding="UTF-8"?>
<robot generator="Robot 6.1 (Python 3.11.4 on win32)" generated="20230719 17:55:33.342" rpa="false" schemaversion="4">
<suite id="s1" name="Demo1 Suite" source="C:\Mine\Company\CGI Python Robot July 2023\AutomationProject\db_suite\demo1_suite.robot">
<kw name="Connect To Database" library="DatabaseLibrary" type="SETUP">
<arg>dbapiModuleName=pymysql</arg>
<arg>dbName=dbfree_db</arg>
<arg>dbUsername=dbfree_db</arg>
<arg>dbPassword=12345678</arg>
<arg>dbHost=db4free.net</arg>
<arg>dbPort=3306</arg>
<doc>Loads the DB API 2.0 module given `dbapiModuleName` then uses it to
connect to the database using `dbName`, `dbUsername`, and `dbPassword`.</doc>
<msg timestamp="20230719 17:55:35.614" level="INFO">Connecting using : pymysql.connect(db=dbfree_db, user=dbfree_db, passwd=***, host=db4free.net, port=3306, charset=None) </msg>
<status status="PASS" starttime="20230719 17:55:33.503" endtime="20230719 17:55:36.349"/>
</kw>
<test id="s1-t1" name="TC1" line="11">
<kw name="Row Count" library="DatabaseLibrary">
<var>${row_count}</var>
<arg>select * from Products</arg>
<doc>Uses the input `selectStatement` to query the database and returns the number of rows from the query. Set
optional input `sansTran` to True to run command without an explicit transaction commit or rollback.</doc>
<msg timestamp="20230719 17:55:37.053" level="INFO">Executing : Row Count  |  select * from Products </msg>
<msg timestamp="20230719 17:55:37.443" level="INFO">${row_count} = 162</msg>
<status status="PASS" starttime="20230719 17:55:36.360" endtime="20230719 17:55:37.444"/>
</kw>
<kw name="Log To Console" library="BuiltIn">
<arg>${row_count}</arg>
<doc>Logs the given message to the console.</doc>
<status status="PASS" starttime="20230719 17:55:37.447" endtime="20230719 17:55:37.457"/>
</kw>
<status status="PASS" starttime="20230719 17:55:36.353" endtime="20230719 17:55:37.461"/>
</test>
<test id="s1-t2" name="TC2" line="15">
<kw name="Row Count" library="DatabaseLibrary">
<var>${row_count}</var>
<arg>select * from Products</arg>
<doc>Uses the input `selectStatement` to query the database and returns the number of rows from the query. Set
optional input `sansTran` to True to run command without an explicit transaction commit or rollback.</doc>
<msg timestamp="20230719 17:55:39.342" level="INFO">Executing : Row Count  |  select * from Products </msg>
<msg timestamp="20230719 17:55:39.683" level="INFO">${row_count} = 162</msg>
<status status="PASS" starttime="20230719 17:55:37.477" endtime="20230719 17:55:39.684"/>
</kw>
<kw name="Log To Console" library="BuiltIn">
<arg>${row_count}</arg>
<doc>Logs the given message to the console.</doc>
<status status="PASS" starttime="20230719 17:55:39.688" endtime="20230719 17:55:39.694"/>
</kw>
<status status="PASS" starttime="20230719 17:55:37.471" endtime="20230719 17:55:39.697"/>
</test>
<kw name="Disconnect From Database" library="DatabaseLibrary" type="TEARDOWN">
<doc>Disconnects from the database.
By default it's not an error if there was no open database connection -
suitable for usage as a teardown.
However you can enforce it using the `error_if_no_connection` parameter.</doc>
<msg timestamp="20230719 17:55:40.452" level="INFO">Executing : Disconnect From Database</msg>
<status status="PASS" starttime="20230719 17:55:39.709" endtime="20230719 17:55:40.453"/>
</kw>
<status status="PASS" starttime="20230719 17:55:33.355" endtime="20230719 17:55:40.454"/>
</suite>
<statistics>
<total>
<stat pass="2" fail="0" skip="0">All Tests</stat>
</total>
<tag>
</tag>
<suite>
<stat pass="2" fail="0" skip="0" id="s1" name="Demo1 Suite">Demo1 Suite</stat>
</suite>
</statistics>
<errors>
</errors>
</robot>
