<?xml version="1.0" encoding="UTF-8"?>
<robot generator="Robot 6.1 (Python 3.11.4 on win32)" generated="20230720 17:16:11.434" rpa="false" schemaversion="4">
<suite id="s1" name="Demo2" source="C:\Mine\Company\CGI Python Robot July 2023\AutomationProject\api_suite\demo2.robot">
<kw name="Create Session" library="RequestsLibrary" type="SETUP">
<arg>alias=petshop</arg>
<arg>url=https://petstore.swagger.io/v2</arg>
<doc>Create Session: create a HTTP session to a server</doc>
<msg timestamp="20230720 17:16:11.745" level="INFO">Creating Session using : alias=petshop, url=https://petstore.swagger.io/v2, headers={},                     cookies={}, auth=None, timeout=None, proxies=None, verify=False,                     debug=0 </msg>
<status status="PASS" starttime="20230720 17:16:11.744" endtime="20230720 17:16:11.746"/>
</kw>
<test id="s1-t1" name="TC4 Upload Image" line="37">
<kw name="Get Binary File" library="OperatingSystem">
<var>${file}</var>
<arg>${EXECDIR}${/}test_data${/}feedback 3.png</arg>
<doc>Returns the contents of a specified file.</doc>
<msg timestamp="20230720 17:16:11.748" level="INFO" html="true">Getting file '&lt;a href="file://C:\Mine\Company\CGI Python Robot July 2023\AutomationProject\test_data\feedback 3.png"&gt;C:\Mine\Company\CGI Python Robot July 2023\AutomationProject\test_data\feedback 3.png&lt;/a&gt;'.</msg>
<msg timestamp="20230720 17:16:11.772" level="INFO">${file} = \x89PNG

IHDR\x808\xe8\xd3\xc1CsRGB\xae\xce\xe9gAMA\xb1\x8f\xfca\xff\xbaIDATx^\xec\xdd\x9c\xd5\xfa\xc6\xf1\x97\xdeYz\x91&amp;\xd2\xa4\x894AA\xb1b\xc1~\xed\xed\xea\xbdb\x...</msg>
<status status="PASS" starttime="20230720 17:16:11.747" endtime="20230720 17:16:11.773"/>
</kw>
<kw name="Create Dictionary" library="BuiltIn">
<var>&amp;{dic}</var>
<arg>file=${file}</arg>
<arg>type=image/png</arg>
<doc>Creates and returns a dictionary based on the given ``items``.</doc>
<msg timestamp="20230720 17:16:11.800" level="INFO">&amp;{dic} = { file=\x89PNG

IHDR\x808\xe8\xd3\xc1CsRGB\xae\xce\xe9gAMA\xb1\x8f\xfca\xff\xbaIDATx^\xec\xdd\x9c\xd5\xfa\xc6\xf1\x97\xdeYz\x91&amp;\xd2\xa4\x894AA\xb1b\xc1~\xed\xed\xea...</msg>
<status status="PASS" starttime="20230720 17:16:11.773" endtime="20230720 17:16:11.800"/>
</kw>
<kw name="POST On Session" library="RequestsLibrary">
<var>${response}</var>
<arg>alias=petshop</arg>
<arg>url=/pet/788/uploadImage</arg>
<arg>files=${dic}</arg>
<doc>Sends a POST request on a previously created HTTP Session.</doc>
<msg timestamp="20230720 17:16:13.328" level="INFO">POST Request : url=https://petstore.swagger.io/v2/pet/788/uploadImage 
 path_url=/v2/pet/788/uploadImage 
 headers={'User-Agent': 'python-requests/2.31.0', 'Accept-Encoding': 'gzip, deflate, br', 'Accept': '*/*', 'Connection': 'keep-alive', 'Content-Length': '121455', 'Content-Type': 'multipart/form-data; boundary=8afa9625b45d971f582ecf27090e58b1'} 
 body=b'--8afa9625b45d971f582ecf27090e58b1\r\nContent-Disposition: form-data; name="file"; filename="file"\r\n\r\n\x89PNG\r\n\x1a\n\x00\x00\x00\rIHDR\x00\x00\x07\x80\x00\x00\x048\x08\x06\x00\x00\x00\xe8\xd3\xc1C\x00\x00\x00\x01sRGB\x00\xae\xce\x1c\xe9\x00\x00\x00\x04gAMA\x00\x00\xb1\x8f\x0b\xfca\x05\x00\x00\xff\xbaIDATx^\xec\xdd\x07\x9c\x13\xd5\xfa\xc6\xf1\x97\xdeYz\x91&amp;\xd2\xa4\x894AA\xb1b\xc1~\xed\xed\xea\xbdb\xef\r\xef\xdf^\xaf(\xf6v\x15\xf1Z\xae"\xf6\x82\x15\xac\x80\x80H\xb1\xa1\x80\x14\xe9E\xca\xd2;\xff&lt;g\xe7\xac\xb3!\xd9\xcd.\xbbK\x12~_?1\x99\xc9d2sf\x92%y\xf2\x9eS\xa2u\xeb\xd6\xdb\x0c\x00\x00\x00\x00\x00\x00\x00\x00\x00\x00\x90\xf2J\x06\xd7\x00\x00\x00\x00\x00\x00\x00\x00\x00\x00\x80\x14G\x00\x0c\x00\x00\x00\x00\x00\x00\x00\x00\x00\x00i\x82\x00\x18\x00\x00\x00\x00\x00\x00\x00\x00\x00\x00\xd2\x04\x010\x00\x00\x00\x00\x00\x00\x00\x00\x00\x00\xa4\t\x02`\x00\x00\x00\x00\x00\x00\x00\x00\x00\x00H\x13\x04\xc0\x00\x00\x00\x00\x00\x00\x00\x00\x00\x00\x90&amp;\x08\x80\x01\x00\x00\x00\x00\x00\x00\x00\x00\x00 M\x10\x00\x03\x00\x00\x00\x00\x00\x00\x00\x00\x00@\x9a \x00\x06\x00\x00\x00\x00\x00\x00\x00\x00\x00\x804A\x00\x0c\x00\x00\x00\x00\x00\x00\x00\x00\x00\x00i\x82\x00\x18\x00\x00\x00\x00\x00\x00\x00\x00\x00\x00\xd2\x04\x010\x00\x00\x00\x00\x00\x00\x00\x00\x00\x00\xa4\t\x02`\x00\x00\x00\x00\x00\x00\x00\x00\x00\x00H\x13\x04\xc0\x00\x00\x00\x00\x00\x00\x00\x00\x00\x00\x90&amp;J\xb4n\xddz[p\x1b\x00\x00\x00\x00\x00\x00)\xacT\xa9R\xd6\xa6Mk\xeb\xdc\xa9\xa35\xdd}w\xcb\xc8\xa8f\x95+W\xb2\xd5\xab\xd7Xf\xe6\n\x9b1s\x96M\x980\xd1~\x99&lt;\xd9\xb6n\xdd\x1a&lt;*}U\xa8P\xc1\x8e&lt;\xe2p\xeb}\xd8\xa1V\xae\\9\xb7\xcf_\x7f3\xc2\xde\xff`\xa8\xadX\xb1"X\n\xa5K\x97\xb6\xd3N9\xd9\xf6\xd9\xa7\xab\xcd\x99;\xd7^\x7f\xe3M\xfb\xe3\x8f\xd9\xc1\xbd\xbb\x1e^G\xc0\xce\xf3\xf1\xc7\x1f\xdb\xc8\x91#\xed\x9e{\xee\t\xe6@\xde\x7f\xff}\x1b1b\x84=\xf0\xc0\x03\xc1\x9c\xed\x95/_\xde\xae\xbe\xfaj;\xf0\xc0\x03\xad^\xbdz\xb6d\xc9\x12\xfb\xea\xab\xaf\xec\xbe\xfb\xee\xb3\xcd\x9b7\x07K\x01\xd8U\x10\x00\x03\x00\x00\x00\x00\x00\xa4\x81\xee\xdd\xf6\xb1\xd3N=\xd522\xaa\xda\xbau\xebl\xe6\xccY\xb6t\xd92\xcb\xcc\xcc\xb4j\xd52\xacF\xf5\x1a\xb6\xc7\x1eM\xdd\x17\xc4\xcb\x97/\xb7W\x06\xbff\xe3\xc7O\x08\x1e\x9d~Z\xb5ji\x97_z\x89\xdb\xdf\x1f~\xfc\xc9\x16-Zd5jT\xb7\xf6\xed\xdb[\x99\xd2\xa5m\xd0\xf3/\xd8\xd8\xef\xbe\x0b\x96\xde5\xd5\xa9S\xc7\x85\x9cu\xeb\xd6\xb1^\x07\x1c`c\xc6~gmZ\xef\x199\x7f\xd6\xdb7#F\xd8\xfc\x05\x0bl\xd2\xa4\x1f\x82\xa5w\r\xdd\xf6\xd1\xeb\xe8\xe4\xc8k\xa6\x9a\x9b\xde\xb2e\x8b-[\xb6\xdc2WfZF\xd5\xc8\xeb(r\x0e) \x16\xbd\xbe\x06\xbf6$m_G\xfa\x01\xc5^\x91\xd7K\x9d:\xb5\xadd\xc9\xfcw$\xa9p|\xf1\xe2%6\xe9\x87\x1fl\xc3\x86\r\xc1\\ wW]u\x95]p\xc1\x056x\xf0`\xbb\xeb\xae\xbb\x82\xb9\xb8\xe2\x8a+\xec\xa2\x8b.\x8a\xdb.z\xbd\xbe\xf1\xc6\x1b\x91\xbf\xf3{\x04s\xfe2~\xfcx;\xf7\xdcs\xdd\xfb\x19\x80]\x07\x010\x00\x00\x00\x00\x00@\n\xab\\\xb9\xb2]|\xe1\x05\xaebq\xf4\x981\xf6\xe9g\xc3l\xf6\xec9\xb6m\xdb\xf6_\xf9\x94(Q\xc2vo\xd2\xc4\x0e?\xfc0\x17tM\xfa\xe1G{v\xe0s.0N\'\x15+T\xb0{\xee\xbe\xd3J\x95*m\x8f=\xfe\x84\xfd&gt;}zp\x8fY\xcd\x9a5\xed\xda\xab\xaf\xb4Z\xb5j\xd9\xbfn\xba\xc5\x96.]\x1a\xdc\xb3k\xd9s\xcfVv\xdd5Wg\x87\x99\n\xe8.\xba\xe42;\xf1\x84\xe3\xed\x98\xa3\xfb\xb8y2r\xe4(\x1b\xf4\xdf\x17\x82\xa9\xf4\x15~\x1d\xadZ\xb5\xda&gt;\x1b&gt;\xdc~\xf9e\xb2\xfd\xf1\xc7\x1f9\xaa|\x15\x84\xee\xbe{\x13k\xd7\xb6m\xe4u\xd4\xdb\x9dk\xe9\xf8:\xaaS\xbb\xb6]}\xd5\x95V\xaf^\xdd`N\xc1-X\xb0\xc0\x1e|\xe8\x11\x17\x98\x03\x89P\xf5\xef\t\'\x9c`\xaf\xbd\xf6\x9a\xddy\xe7\x9d\xc1\\\xdcp\xc3\r.\xc8}\xe5\x95W\xb6\xab\x90\xbe\xe3\x8e;\xec\xe4\x93O\x0e\xa6\xb6\xf7\xcc3\xcf\xd8\xa3\x8f&gt;\x1aL\x01\xd8\x15\x10\x00\x03\x00\x00\x00\x00\x00\xa4\xa8\x86\r\x1b\xda\xd5W^ae\xca\x94\xb6\x07\x1f~$_\xdd\xf6\xb6h\xd1\xdc\xae\xba\xe2r\x17v=\x14y\xec\xe2%K\x82{R\xdf\xa9\xa7\x9clG\x1c\xde\xdb\x1e~\xe41\xfb\xf1\xa7\x9f\x82\xb9\x7fQ\xbb\xddq\xdb-6\xee\xfb\xef\xed?\xcf\x0c\x0c\xe6\x9a\xd5\xaf_\xdf\x0e9\xf8 \xab[\xa7\x8e\xfd\xb9t\xa9}\xfe\xc5\x976w\xee\xdc\xe0\xde\xf4r\xe9%\x17\xb9\xea\xce\x17_z\xd9N8\xfe8\xabX\xb1\xa2]z\xf9\x95v\xdc\xb1\xc7\xd8\xf1\xc7\x1dko\xbd\xf3\xae\xb5\x8c\x9c#\xed\xdb\xb5\xb3+\xae\xba\xda\x9d\'\xe9J\xe7\xc35W]a\xd5\xabW\xb7O&gt;\xfd\xcc\xde{\xff\x03[\xbf~}po|\xaa\xb8;\xf9o\'\xdaA\x07\x1d\xe8\xbaZ\x1d\xf0P\xe4u\xb4xqpo\xeaR\xc8}\xdb-7Y\xa3F\x8d"\xaf\x81/\xec\xc7\x1f\x7f\xb6M\x9b7\x05\xf7\xfee\x8f\xa6M\xed\xe4\x93\xfefo\xbc\xf9\x96\xcd\x9893\x98\xfb\x972\xa5\xcbX\x87\x0e{\xd9\xc1\x91\xf6\xf9\xfd\xf7\xe9\xf6\xef\xfe\xf7\xc7\xfca\n\x92G\xb7\xae\x9dm\xec\xb8\xf1\xc1\xd4\xce\xa3\x1f\xe8\xa8\xcbcU\xe2\xbf\xfa\xea\xabv\xf7\xddw[\x8f\x1e=\xec\xf6\xdbo\x0f\x96\xc8i\xd3\xa6M\xf6\xc3\x0f?\xd8\x90!Cl\xd2\xa4I\xc1\xdc\xf4t\xeb\xad\xb7\xdai\xa7\x9d\x96#\x1c\xd7kVU\xbe\x1a\xea \x1e\xfd@\xa5s\xe7\xce\xc1TzQ\xcf\x1e\xa7\x9f~\xba5h\xd0 \x98\xb3\xe3\xf4\xb7_\xd5\xd6?\xff\xfcs0\'\xb9\xf4,]\xd6\x0e\x89\xbc\xc76/U\xca\xcaX\x89`.\x92\xd5&amp;\xdbf\xbfo\xd9b\x9fG\xfe\x96\x8e\xdc\xbc1\x98[\xf4J\xd5\xae];\xf6\xbb&amp;\x00\x00\x00\x00\x00\x00\x92\x96\xbe \xff\xbf\x1bo\xb0-[6\xdb\xbd\xf7\xf5\xb7\xf9\xf3\x17\x04\xf7$f\xd9\xb2e6q\xd2\x0fv`\xaf\x03\xac{\xf7}\\\xf7\xbf\x1b7\x16\xdf\x97RE\xe9\x94\x93O\xb2\r\x91}y\xe5\xd5\xc1\xc1\x9c\x9cV\xae\\i\xcd\x9b5\xb3\x16-Z\xd8\xc7\x9f|\xea\xe6)\x10\xbf\xf1\x86\xeb\xdd\xfc\x8d\x1b7Y\xbb\xb6m\xacg\x8f\x1e6\xed\xf7\xdf\xd3\xa6J\xb8J\x95\xcav\xe1\x05}\xad\xef?\xff\xe1BO\x9d3/\xfd\xef\x15k\xdc\xb8\xb1\xd5\xaf_\xcf&gt;\xfa\xf8\x13\xdb\xb3U+W\x1d\xfc\xe4\x93O\xd9\xd6m\xdb\xacS\xc7\xbdm\xcc\x98\xef,3\xd2f\xe9\xc8\xbf\x8e\x14\xe6&gt;\xf1\xd4\xd3\xf6\xf9\xe7_$&lt;V\xa6\x96S\xf7\xe2\n\x7f{\xf4\xd8/\xab\xad\xd2\xe0u\xa4\xee\xd3\xfb\x1cu\xa4\xbd\xf9\xd6\xdb\xf6\xf6;\xef\xbaP\xfb\xcf?\x97nw)W\xbe\x9c\xed\xb7ow\x17\x9aO\x9e\xfc\xebv\xf7\xebq\xfe\x07\x18=\xf6\xdb\xd7\xb5\x15co\'\xb7\x86\rv\xb3y\xf9\xfc[R\xd8\x14\xfa\xbe\xf7\xde{V\xa3F\r7\xadpO=7\xfc\xef\x7f\xff\xb3\x193f\xb8\xf03##\xc3\xaaV\xad\x9a}\xd1c\xf6\xdcsO\xfb\xdb\xdf\xfe\x169\x17\'\xdb\xacY\xb3\xdcc\xd3\xd1\xd7_\x7f\xed\xba\xef?\xf5\xd4S\xdd~k\\`\xfdx\xe5\xec\xb3\xcf\xb62e\xca\x04KmO\xf7\xbd\xf3\xce;\xb6j\xd5\xaa`Nz\xe8\xd6\xad\x9b\xbd\xf8\xe2\x8b\xd6\xa6M\x1b\x17\x00\x17\xd6\xa5u\xeb\xd6\xae\n}\xec\xd8\xb1\xae\x17\x83drV\xd9\xf2\xeeR\xbbdI+E\xf8\x9b\x12t\x9ct\xbc\xf6)]\xc6\xca\x97(a?F\xfe\xed^\x1c\xf2?x\x03\x00\x00\x00\x00\x00\x00v\xaa\xd2\xa5K\xdb5W_\xe9\xaa~\xee\x1f\xf0\x90-Y\xf2gpO\xfedu\xcd\xfa\xb0\xfb\x02]\xd5\xc0\xea":\x1d\x94/W.\xcfJ\xcc\xf9\xf3\xe7\xbb@T] \xab=/\xec{\xbe\x1b\x1b\xf9\xfa~7\xda\xad\xb7\xdfa\xd7\xddpc\xa4]\x17\xbb\xf9e\xcb\x96\r\x1e\x95\xda\xce:\xe3\x0c\x17l\x7f\xfb\xed\xe8\x1c\xdd\x1a\xef\xaa\xfc\xeb\xa8J\x95*\xf6\xbfW^-\xf0x\xc7\xdf\x8e\x1e\xe3\xc2R\x85\xc9\xe9\xf0:j\xb0\xdbn\xeez\xc2\xc4\x89\xeezG}7\xee{w\xbd{\x93\xc6\xee\x1a\xc8\xcd\xd5W_\xed\x02\xdf0\x85\xbe\xaa|\x1d5j\x94\x1b\x077\xb7\xb1l5Vn,z\xaf?\xe7\x9cs\xacg\xcf\x9e\xc1\x9c\xd4\xa5J\xe8\xa1C\x87\xda\x99g\x9e\xe9\xdaE?\xe8\xea\xdb\xb7o\x9e=\x17\xe8o}\xbaQ\xb7\xd8~(\x83\xc2\xa6\xbf\x11\xd7]w]0\x95\x1cT\xf9{t\x99\xf8\x95\xdeH~:~:\x8e\xc5\x81\x00\x18\x00\x00\x00\x00\x00 \xc5\x1c\xb0\x7fO\xab_\xaf\x9e=\xfd\xcc\xb3;\xdc\xe5\xec\x9c\xb9s\xed\xbf/\xbed{\xec\xd1\xd4\xbat\xee\x14\xccMm\x1akT\xdd9\xe7\xa6^\xfdz\xae[c\x05\t-[\xb6p\x81\xc3\xebo\xbee\xcb\x96-w\xf7\xabRq\xf0\x90\xd7]e\x95\xc6\x85M\x07M\x9b6\xb5\xc9\xbf\xfe\xe6\x8e\xf7\xf4\xe93\x82\xb9\xbb\xae^\x07\xec\xef^G\xdf\x8f\x1fo#F\x8e\n\xe6\x16\x8c*\xc9\xa7L\x99\x9a\x16\xaf#\x1f\xa6l\xde\x1c?d\xcb\x0fu\xcf+\xb9U\'\x02\xdea\x87\x1d\x16\xdc\xca)\xd1\x10\xb8U\xabV\xae\x87\x830U\x13\xabJ\xf4\xc6\x1bo\xb4\x07\x1f|0\x98\x9b\xba\xd4\x95\xba\xf6E!\xb0o\x97\t\x13&amp;\xd8\xf9\xe7\x9f\x9fP\xf7\xf5\xe9D\x95\xdf\x89Re\xf8\x05\x17\\\xe0\xc6vO\xd4^{\xed\x15\xdcJ\x0e\xea\xf6\x19\xa9\xaf\xb8\x8e#\x010\x00\x00\x00\x00\x00@\nQE\xca\xb1\xc7\x1ccS\xa7M\xb3_~\x99\x1c\xcc\xdd1\xdf}7\xceU\x03\x1fw\xdc\xb1\xc1\x9c\xd4\xa6 \xaef\x8d\x1a\xd6q\xef\xbd\x8399\xed\xb6[}k\xdb\xa6\x8d\xfd\xfa\xeb\xafn\xdaWl\xfa\xa0\xca\xf3_\xa4\x97.U\xda]\xa7\xba\x92%K\xd8\xb6mY\x95\xbf\xbbz\x05\xb0^G\xc7\x1c}\xb4;\xe6\xaf\xbc\x12\xbb\xab\xf0\xfcR\x15\xb1\x82\x99ty\x1d\x01;\x83\xba5\x8e\'\xd1\x10\xb8r\xe5\xca\xc1\xad\xac@X]\x1fw\xea\x94\xf5\xc3\x0cU\xfc\xa7\x03\xbd\x87+\x04\xfe\xec\xb3\xcfv\xe9\x108\xd1\x1e\x17\xe6\xcd\x9b\xe7*\xc0G\x8e\x1c\xe9\xba\xcb\xd6t"\xd4\xd3J2\xd1\x98\xbfH}\xc5u\x1c\t\x80\x01\x00\x00\x00\x00\x00RH\xbbvm-#\xa3\xaa}\xfc\xf1\'\xc1\x9c\x1d\xa7/\x92?\xfdl\xb8\xeb\xfau\xf7\xdd\x9b\x04sS\xd7g\xc3\x86\xbbn\xb1\xffq\xde\xdf\xadk\xd7.\xc1\xdc,\xadZ\xb6\xb4+\xaf\xb8\xdc\x8d\xd3\xfa\xe6\xdbo\xbby3g\xcer\xd3\x87\x1e|p\xf6\x97\xbd\xba&gt;\xe2\xf0\xc3]@8e\xeaT7\x0f\xe9\xc3\xbf\x8e\xbe\x191\xd2Vdf\x06s\xb3T\xacX\xd1\x8e;\xf6\x18\xdb\xbbC\xec\xca\xaf\xbd\xf7\xee\xe0\xee/W.g7\x9cs\xe7\xcd\xb3\t\x13&amp;\xa6\xcd\xeb\x08HF\n;\x15|&amp;\xd2\x1d\xf4\x91G\x1eiC\x86\x0c\xb1\xda\xb5k\x07s\xd2\x8b\xfev_{\xed\xb5\xf6\xe5\x97_f\xb7\xcb\xaeZ\t\x9c\x9b\x85\x0b\x17\xdaYg\x9de\x7f\xfe\x995\\\x86\xae5\xad\xf9\xa9\xa6\x0cc\xfe\xa6\x85\xe2:\x8e\x04\xc0\x00\x00\x00\x00\x00\x00)\xa4K\xe7\xce\xb6n\xdd:\xfb9F\xf5oVh\xd9\xdb\x85S\xf1.\x87\x1c|P\xcc\x8a\x19?\xdeg\xe7\xa0J*\x95\xa9}\x06&lt;\xf4\xb0\x0bo/\xb9\xe8B\xeb\xff\xef{\xec\xac3N\xb7;n\xbb\xc5n\xecw\xbdU\xaeT\xc9\x06&lt;\xf8p\xf6\xd8\xc9k\xd7\xaeu\xd5\x9b\n\xf6\xee\xba\xe3v;\xfd\xb4S\xed\xce;n\xb3\xae]:\xbbn\xa0W\xadZ\xe5\x96C\xfa\xd0\xebH\xc6\x8f\x9f\xe0\xae\xc3\xce&gt;\xf3\x0c;\xfe\xb8c\xed\xf2\xcb.\xb5\xda\xb5k\x05s\xb3\xa8\xcb\xe8+"\xf3u\xff\x99\x91s*\xda\xc4I\x93\xdcu:\xbc\x8e\x10\x9b\xdeg\x1b7n\xec~(\x10\x8b\xba\xban\xd2\xa4q\xdc.\xaf\xf58=&gt;\xd9*\x0bS\x89*9\xf3\n\x81\xdb\xb7o\xef\xba{N\x971\xdc\xe3\xd1\xbe?\xf6\xd8c\xee\xb6o\x17B\xe0\xbf(\xe4U\xc5off\xa6\x1b\'Yt\xadi\xcdO\xc5\x10\x18H\x14\x7fe\x00\x00\x00\x00\x00\x00RH\xd3\xddww\xe3\xb7n\xde\xbc9\x98\xf3\x17\x05\x0b}\x8e:\xd2\x85S\xf1.\x7f;\xf1\x04\xab\\\xb9R\xf0\x88\xbf(\xe4\x9c3g\xae5k\xb6G0\'\xb5il\xe4\x9bo\xbd\xdd\xdey\xf7=\xcb\xcc\\i\xfb\xef\xdf\xd36E\xdal\xe8\x87\x1f\xd9\xbfn\xba\xc5f\xce\x9a\x15,\x99Ec\xc0\xdey\xf7\xbd6\x7f\xc1|\xeb\xd9c?[\xb8p\x91\xdds\xef}\xf6\xe5\x97_\x05K\xa4/u\x85\xa9c/\xf3\x17,\xb0E\x8b\x16\xdb\x86\x8d\x1b\xddt\xba\xda\xa3\xe9\xee\xeeZ]\xa9G\xdb\x16\\K\x89\xa8*\x9dm\xfao[\xd6\x12\xb1\xeaw~\xfd\xed7w\x9d.\xaf#\xe4\xd4\xbcY3{h\xc0\x03\xee\xc7$\x8f?\xfa\xb0\x1d\xdd\xe7\xa8\xe0\x9e,\xfbv\xeffO&lt;\xf6\x88\xdd~k\xd6\xfd\xfe\x87\x06\x9e\xde\x835_\x8f\x1fp\xff}T\x8a\xef\x80\xbcB\xe0\n\x15*\x04\xb7v-\xd1!\xf0\x86\r\x1b\x82{v=\xda\xf7s\xcf=\xd7\x96/_n\x83\x06\r\xb2\xae]\xbb\xba\xf9\xba~\xee\xb9\xe7\xdc|\xdd\x1f=\xfc\x03\x90.\x08\x80\x01\x00\x00\x00\x00\x00R\x88\xc6/\\\xb5:vE\xea\xea\xd5\xab\xed\xf2+\xaf\xb6\xf3\xfe\xd97\xee\xe5\x92\xcb\xae\xb0U\xabV\x07\x8f\xc8\xe9\xcf\xa5\x7fZ\xedZ9+\x1eS\x99*{\xdf\xff`\xa8\xdd{_\x7f\xbb\xf0\xe2K\xed\xee{\xfemo\xbd\xfd\x8e\xad\\\xb92X"\xa7\x993g\xda\x93O\xfd\xc7.\xbd\xfcJ{\xe2\xc9\xa7\xec\xf7\xe9\xd3\x83{\xd2\xcf\x96\xad[\xb2\x03\x93O&gt;\xfd\xcc\xee\xbb\xff\x01w{\xdc\xb8\xef\xed\xc6\xff\xbb)G\x98r\xe8\xa1\x87\xd8\xf5\xd7^cO&gt;\xf1\x98=\xff\xdc\xb3v\xed\xd5WY\xcd\x9a5\x83{SS\xd5\xaaUm\xed\xbau1+\x07_yu\xb0\xbd\xf7\xfe\x07\xf6\xd8\xe3O\xda\xe2%K\x82\xb9Y\xf4\xc3\x80\xa7\x9e\xfe\x8f\xfba\xc1\xff"\xcbE[\xbe|\x85\xeb\x96\xb5V\xcd\xd4\x7f\x1d5\xdbc\x0f\xdbs\xcfVq/\x8d\x1b5r\xcb\xe9:\xd6\xfd\xfe\xa2\xf5\xa4\x8b\xb3\xcf&gt;\xd3u\x1d.\xaa\xe0\xd5\x0fj\xea\xd5\xab\xeb\xa6\xd5%\xf8\xdf\xcf9;\xbb\xe2T\xd3\xe7\xfe\xfdl7\xde\xb44j\xd4\xd0\xf5\xc2\xe0+\x7f\xabW\xafng\x9cv\x9a\xbb\x8d\x82I\xa4\x128]5\x8a\xbc\xeeJ\x05\xe3\x88F\xf7\xea\xa1v\xb9\xe1\x86\x1b\\\x08\xacv\x89\xae\x04\xd6\xe3\xf4\xf8]A\xd3\xa6M\xed\x85\x17^\xb0\x8e\x1d;\x06s\xb2hL\xe8\xff\xfe\xf7\xbf\xb6G\x1a\xbd?\x01\xd1J\xb4n\xdd:\xfc\xa3\xb6\x9dF/D\xf5\xc9\xff\xd1G\x1f\xd9\xac\xa8_`\x02\x00\x00\x00\x00\x00 \xcb\xa0\x81\xcf\xd8\x17_~\xe5B\xaa\xc2v\xce\xd9g\xb9\xea\xd7\x0b.\xba$\x98\x93Z*V\xa8`\x9d:w\xb2\x9a5j\x04s\xf2\xa6\xd0|\xc2\xc4I\xae\x12H\xdd\xfd\xee\xb7\xef\xbe\xc1=Y\x96.]\xea\xeeW\x98\x9c\xeaTq8{\xce\x1c\x17l\xaa\x92\xbct\x99\xd26m\xda\xef\xc1\xbd\xdb\xeb\xd9\xb3\x87\xfd\xf3\xbcs\xdd\xed\xa5\xcb\x96\xd9o\xbfMq\xed\xd4\xeb\x80\x03\\\xc8y\xdd\r\xfdbV\xa2\xa7\x82\xff\x0e\x1ah\xcb\x96-\xb7k\xaf\xbf!\x98Sx\x1e~h\x80U\xaaX1e_G\xbd\x0f;\xd4u\x83^\xd8\x06\xbf6\xc4\x8d\xcf\x9d\xcat\xdeD\x1b\xf8\xdc \xfbv\xf4\x18k\xd4\xb0\xa1\xeb:&gt;\xda-\xb7\xddas\xe7\xceu\xef\xad\xff\xfc\xc7y\xc1\xdc,z\x1d\xfd\xb3\xef\x85\xc1\xd4\xce\xd7\xadkg\x1b;n|0\xb5sL\x9e\xbc\xfd\xf0\x06yy\xe9\xa5\x97\xec\xbe\xfb\xee\xb3\x1e=z\xd8\xc0\x81\x03\xed\xc4\x13Ot?\xf2P\xf0\x17K\x9b6m\x82[\xa9I?.P\xb8{\xef\xbd\xf7\xda+\xaf\xbc\xe2\xb2\x95\x0f?\xfc0\xb8\xf7//\xbe\xf8\xa2\xf5\xef\xdf\xdf\xbaw\xefn\xff\xf9\xcf\x7f\xec\x94SN\xb1\xa9S\xa7\xba\x80\xb8_\xbf~\xd6\xb9s\xe7\x94\xef&amp;:?\xe7\xcb\xc8\x91#\xed\x82\x0b.\xb0g\x9f}6\xf2\xf7\xadg07o\xc9t\xbe\xbcV)#\xb8\x85Tw\xda\x9a\xcc\xe0V\xd1\xd9\xe9\x15\xc0u\xeb\xd6\xb5\xbb\xef\xbe\xdb&gt;\xf8\xe0\x03\xbb\xec\xb2\xcbl\xe8\xd0\xa1v\xe7\x9dw\xa6\xed\xc0\xec\x00\x00\x00\x00\x00\x00;B\x81[Q\x8diX\xb9re\x17\x88\xa6"\x85\xb7w\xddy\x87\x0b,\xa3\xbb\xbd\xce\xedr\xd6\x99g\xd8\xddw\xden-Z4wc\x02w\xd8\xab}\x8e\xfb\x15\xd8\xa8;\xd7\x1a5\xaa\x07\xcf\x94\x1e\xd4\x05vn\xe1\xaf,Y\xb2\xc46l\xd8h\xaf\xbd\xfe\x86]w}?{n\xd0\xf3\xae\x82z\xf0k\xaf\xb9*\xc8v\xed\xda\x06K\xa6\x1eu\x0b^\xb5j\x95`\xaapU\xadR%e_Ga\xffyf\xa0\xf5\x7f`@\xdc\xcb\x1bo\xbe\xe5\x96\xd3u\xac\xfb\xfdE\xebI\x17\xd1]\xc7\xcb\xccY\x7f\xb8\xebE\x8b\x17o\xd7\xdd\xae~8\xa2\xee\xe8eV\xb0\\X\xacy\xc8\xbfp%\xb0\x1f\xe75\x9d\xe9&lt;[\xb1b\x85\x0b~E\xbdWh:\xda\xdf\xff\xfew\xbb\xfe\xfa\xebm\xcc\x981v\xe1\x85\x17\xda\x82\x05\x0b\xdc|U\xbdj\x1d\x8c\x11\x0c\xa4\xb7\x9d\x12\x00\xabK\x02\x95\xd8\xdft\xd3M6l\xd80W\xf9\xfb\xf4\xd3O\xdba\x87\x1d\xe6\xae\xfb\xf4\xe9c\xc3\x87\x0f\xb7\x9bo\xbe\xd9\xfd\x12cW\xed\xaf\x1f\x00\x00\x00\x00\x00 \xda\xc2\x85\x0b]\xd8\x19\x8b\xba\x87\xfe\xcfSO\xb8*\xb5\xf0\xa5\xff}\xf7fw;\x9a\x9b\xea\xd52l\xd9\xf2\xe5\xc1Tj9\xf3\x8c\xd3\xad|\x85\xf2\xd6\xef\xc6\xff\x8b\xd9\xf5u\xbc\xcbE\x97\\f+Vd\xda?\xcf\xcb\xaa\xcc\xd38\xc0\xe1\xfbo\x88\xacOc&amp;\x9fvj\xe1WD&amp;\xbb)S\xa6F\xda\xe7R\xfb\xf4\xd3\xcf\x829\xe6\xc64U\xa5\xb8\xc6L\\\xb3fM07\xf5\xa8\x92Y]\xf3\x16\xf6\xf7\x8e\x95*Ur\xaf\xb5T}\x1d\x85M\x9f1\xc3U}\xc7\xbb\xa8\x9a\\t\x1d\xeb~\x7f\xd1z\xd2\xc5+\xaf\x0cv?\x1e\x10U\xef\xea\x07\x11&gt;T\xdb\xb8q\xa3\xbd\xf0\xe2K\xeeZ\x14\xb0\xfd\xf7\x85\xbf\xa6\xe7\xce\x9bg\xef\xbe\xf7\xbe{\x9c\xe8\x1c\xfc\xdf+\xaf\xba\xdb\xd8q\xe1\x10\xf8\xb7`,\xeet\xa6J\xde\xfa\xf5\xeb\x07Sf\xdf\x7f\xff}p+\xa7\xf3"\x7f\xdb\xd4.c\xc7\x8euc\xfd\xcb\xde{\xef\xed\xc6~\x07\x90\xde\x8a5\x00\xee\xd5\xab\x97\xebr@o\xc2\xff\xfb\xdf\xff\xec\xa4\x93N\xb2\x97_~\xd9\x0e9\xe4\x10{\xf2\xc9\'\xdd\x9b\x8e\xae\x0f=\xf4P\x1b&lt;x\xb0\x9d|\xf2\xc9\xae\x1c_oN~&gt;\x00\x00\x00\x00\x00\xc0\xaeLa\xcb\x1eM\xf7\xb02e\xca\x04s\xfe\xa2\xaa\xc3\xd1c\xc6\xba\xe0.|\x191bdv\xe8\x10\x8f\x820U\x13\xcd\x9813\x98\x93ZZ\xb5li\xdf}7n\xbb1[\xf3\xa2\x90\xe6\x8b\xaf\xbe\xb2\xbau\xeb\xc4\xec:ZU\xb0\xdf\x8f\x9f`m\xdb\xb4\x0e\xe6\xa4\xaem\xdbvl$\xb8\xa3\x8e&lt;\xc2.\xbd\xe4"\x17\xfej&lt;\xe5\xbc*\x88\x93\x99\xaf\xe4l\xd9\xa2\x85\xbb\xf6T\xd9|\xc4\xe1\xbd\x83\xa9\xdc\xa9j\\\x81oX\xeb=\xf7t\xd7\xa9\xfa:B\xee\x14f_s\xdd\xf5v\xdb\x1dw\xd9eW\\eC?\xfc(\xb8\'\xcb\x98\xb1\xdf\xb9q\xd8o\xbf3\xeb\xfe\xef\xc7\xe7\xecNYcK\xeb~=\xfe\xba\x1bn\x8cYQ\x8c\x82\xf3!\xb0\xe8\xbd[\xefU\xe9J\x01\xf0\xbe\xfb\xeek5\x82\xbf[\x03\x06\x0cp?\x10\x8b\xc5\x8f\t,\x15+V\xb4\xc6\x8d\x1b\xdb7\xdf|\xe3\xa6\x01\xa4\xafb\x0b\x80U\xf1\xab\xea^\xfd\xb2N\xa1\xeeYg\x9d\xe5\xfa\x9e\x7f\xe0\x81\x07\xb6\xeb\x9e@\xbf~R\x9f\xfd\xdd\xbaus\xcb=\xf4\xd0C\xee\x97R\x8f=\xf6\x98[\x0f\x00\x00\x00\x00\x00\xc0\xae\xea\xc7\x1f\x7f\xb2r\xe5\xcaZ\xc7\x8e{\x07s\xfe\xa2\x80\xef\xc5\x97^\xb6\xfb\xee\x7f \xc7%:\xa4\x88e\xef\x0e\x1d\xacT\xa9R\xf6\xfd\xf7;w\xfc\xc7\x82*_\xbe|\x81\xbf\xec\xf7\xdd\xb6F\x87y\xde\xe6\xc8z\xb5\xfeT\xb7f\xcdZ\xabX\xa1b0\x95?\x7f;\xf1\x04;\xf9\xa4\xbf\xb9*F\x85W\xbe\xfa3U\x8d\x9f0\xc1]w\xea\xd4\xd1]{\x07\x1dx\xa0\x9dz\xca\xc9\xf6\xb7\x13\x8e\x0f\xe6\xc4\xa6\xb6\xf8\xbf\x1b\xfb\xd9A\x07\x1d\x18\xcc\xc9\xe2\xd7\x97\xaa\xaf#\xe4M?\xa6\x99={\xb6\xad[\xb7.\x98\x93\x93\xbe\xc7\xfe\xe3\x8f\xd9q\xc7\xc7V\xb7\xd0z|^?\xcaA\xc1\xf8\x10X\xdd"\xff\xe3\x1f\xff\x88{\x9cR\xdd\xab\xaffU\x8f\xdfr\xcb-\xeeZ\xe7\xd4\xa9\xa7\x9e\xba\xdd\x98\xb8\x9f|\xf2\x89\x1b\'\xf8\xdcs\xcf\xb5\xeb\xae\xbb\xce\x9d\x7f\x17_|\xb1\x9b\x07 \xbd\x15[\x00\xac\xe0W\xae\xbd\xf6Z7\xf8\xba\x06)\xf7\xff\xb8\x8eG}\xd0k9-\x7f\xf5\xd5W\xbby~=\xc5\xa5]\xdb\xb6\xf6\xe4\xe3\x8ffw\x994\xe0\xfe\xfb\xac\xc1n\xbb\x05\xf7\xfe\xe5\xca\xcb/\xcb^f\xe03O\xdba\x87\x1e\x12\xdc\x13\x9b\xfe!\xe9\x97\xf7\x17\xcd\x8b\x16^\xaf.w\xdc\x96\xf5\x86\x9e\x1b-\x13~\x8c\xbf\xc4Z\xbf\xb6S\xdb\xeb\x97\xd1\xbej\x9f\x01\x00\x00\x00\x00@r\x9a8\xe9\x07\xf7\x05\xee\xd1G\x1d\x15\xcc\xd9q\n~O8\xfeX[\xb4h\xb1M\xfb=u\xab:\x8bJ\xc3\x86\r-333\x98J]+W\xae\xb4\xaa\x19U\x83\xa9\xc4\x1d\xde\xfb0;\xba\xcfQ\xae\xfa\xf1\xdf\xf7\xdd\xef\x8a7R\xdd\xaf\xbf\xfe\xe6\xf6c\xbf}\xbb[\xadZ\x7fu\xa9&gt;~|\xd6w\x96G\x1f\xdd\xc7n\xb8\xfeZ\xeb\xd4qo7\x9c\x9d\xa8kgu\x81\xfd\xaf\x1bop\xd5\xd0\x1a\x1fyR\xe4\xf5\xe8\xa9;\xd6n\xfbt\xe5u\x04\xecd&gt;\x04\x1e?~\xbc\x1b\x077\x1d\xde\xbf\xa3\xfd\xf1\xc7\x1fv\xcf=\xf7\xd8\xe1\x87\x1fnW^y\xa5{\x9fR\xd5\xb3z]U\x10|\xf6\xd9g\xbb\x02\xbbk\xae\xb9\xc6-\xf7\xdak\xaf\xb9@\\!\xb0z\\\x9d?\x7f~\xb0&amp; \x8e\xc8\xdf\xbcR\x19\x19V\xaeQ#\xab\xd8\xbe\x9dUl\xd7\xd6\xca6jh\xa5\xaaF\xfe\x1d\x11\xfc],L{&lt;\xf5\xb8\xed5n\xb4\xb5|\x9d\xae\xf1\x0b\xcbN\x19\x038U(\x08\xbd\xf8\xa2\x0bl\xea\xd4in\xcc\x97\x9bo\xb9\xcd\xcd\xbf\xfa\xaa+r\x84\xc0\ni\xdbEN\xfeW\x07\xbf\xe6\x96\x1b\xfe\xf9\x17v\xc6\xe9\xa7\xc5\x0c\\\xbdF\x91\x0f\x0e\x0f&gt;\xf4H\xf6x2\xfa\xc7\xa2\xba\x97\t?F\xebm\x14yA\xe9y\xb5\x8c\xd6\xbf[\xe4y\x13\t\x81\xf5\x8b\x1f\xbfn\x7f\x19\xf2\xfa\x1b\xc1\xbdY\xf4\\\xdaNm\xaf_\xe6\xd2\xcb\xaf\xb4\x9f\x7f\xf9%X\x02\x00\x00\x00\x00\x00$\x1bU\x95\xfd\xf2\xcbd\xf7\x9dA"\xe3\xfa&amp;\xe2\xc8#\x0e\xb7\xda\xb5k\xdb{\xef\xbf\xbf\xc3\xdd\x04\xef,\n\xc5\xabT\xae\x1cL\xe5O\xd5*U\xdc\xf5\xda\x18\x95b\xea\xd2W]\xfd\xfe\xf8\xd3O\xc1\x9c\xd4\xa5/\xfc\xeb\xd6\xa9\xe3\xc6\x8aN\xd4\xbe\xdd\xbb\xd9i\xa7\x9e\xe2\xba\x12\x7f`\xc0\x83\xae\x9d\xd3\x81\xaa/\xdf{\x7f\xa8+69\xe3\xf4\xbf\xc6w\x9e3w\xae=\xf8\xf0#\xae+q\x1d\xfb\xcb/\xbb\xd4\x9ez\xe21\xbb\xf5\x96\x9b"\xd7\x8f\xbb.\xb0\xd5m\xb4\x82\x96\xfe\x0f\x0c\xb0\xb9\x91\xe5E\xaf\xc5\xb3\xce&lt;\xdd]\xa7\xf2\xeb\x08\xd8\xd9\xf4\xda\xdaQ\x1f|\xf0\x81\x0b\x81\xaf\xbf\xfez\xfb\xf9\xe7\x9f\xed\x8c3\xce\xc8\xee\x1e9\x9d\xba\x85~\xeb\xad\xb7\\o\xab\x17^x\xa1\r\x192\xc4\xf5\xb8\xaa\xf7\xa0\x9f"\x7f\xaf\x14~\xfb1\x7f[\xb6li\xad[g\rc\xe0C\xe0t\x91\x9f\xf7\xda6m\xda\xd81\xc7\x1ccm\xf3Q\x00\xb7+\xbd\x97+\xd8\xad{\xfe?\xac\xc9\x03\xf7Y\xab7\x87X\xfb\xd1#\xac\xed\xf0O\xac\xd5\xdb\xaf[\xf3\xe7\x07Z\xf3\xff&gt;g{\xbe\xfd\x86\xb5\xfd\xfcSk\xff\xed7\xd6r\xf0\xff\xac\xf1\xddwZ\xcdSN\xb2RqzP\xc1\xceE\x00\x9c\x8bC\x0e&gt;\xc8u\x11\xf1\xe6[o\xbb\xe9y\x91\x7f$\x7f\xfa\xd90\xcb\xc8\xc8\xb0\x9e={\xb8y\n\x89[\xb6l\x11\xf9C\xf2\x8b\r\x1b\xfe\xb9\x9b\xa7\xa0U\x01l\xd7.\x9dcV\x0b\xcb\x80\x87\x1e\xce\x11\xb4\xea9\x96.]jmZg\x8d\x13"\xb3\xfe\xf8\xc3\x1e~\xe41\xf7\xbc\xa2\xf5\xeby\xf4\xab\xc4\x1d\xad\xd2U\xe5\xef\xa1\x87\x1cl\x9f|\xfa\xd9v\xc10\x00\x00\x00\x00\x00Hn\xbb\xef\xbe\xbb\x1bc\xb40\xba\x10U\xb8y\xc2\xf1\xc7\xb9\xee2\xc7~7.\x98\x9bzf\xcd\xfa\xc3:t\xd8+_\xe1\xa6h,\xe5^\x07\xec\xef\x86([\xb6lY0\xd7\xacl\xd9\xb2v\xe8!\x87\xb8\xc0O\x95\x9e\x1f\x0c\xcd\xbb\x1b\xedd7\xf1\x87\x1f\\8\xb0\xcf&gt;]\x839\xb9k\xdc\xa8\x91\xfd\xe3\xbcs]\xf8\xab\xef\xb2\xd4\x0e\xe9d\xe4\xa8Q\xee{\xb7\x8e{\xefm\'\x86\xba|\xd6\xd8\xc6\xff\xfa\xbf\x9b\xed\xbf/\xbch\x7f\xfe\xf9\xa7\xeb\xfe\xbbi\xe45\xa7\xae\xd7\x17.\\d\xcf\rz\xden\x8c\xdc\xaf\xd7\x8cw\xd6\x99gX\x9b\xd6\xadS\xfeu$\x9b\x82\xae\x8bK\x95*\x9c\xaf\x8eK\x97.\xe5\xae\xfdz\x81\xdc\xa8:uGL\x9b6\xcd\xfa\xf5\xebg\x83\x07\x0f\xb6\xf3\xce;\xcf\xae\xba\xea*\xf7\xba&lt;\xed\xb4\xd3\xec\xf3\xcf?w\xd3\xe9\xe4\x91G\x1eq\xfb\xd4\xa2E\x0b{\xfe\xf9\xe7\xed\xdbo\xbf\xb5\xc7\x1f\x7f\xdcU\xfe\xdeq\xc7\x1d6p\xe0@{\xe7\x9dw\xacZ\xb5j\xd6\xb7o_{\xea\xa9\xa7\\\x08\xec{\\Mu\xfeG8\x89\xd0x\xc9\xfd\xfb\xf7\xb7\xea\xd5\xab\x07s\xf2\xa6J\xebt\xa7\xe0\xb7\xfe\xe5\x97Z\x9b\x8f?\xb0\xba\x17\xf6\xb5\x8c\x03{Y\xb9&amp;\x8d\xadD.?2,Q\xba\xb4\x95o\xde\xcc\xaa\x1d~\x985\xb8\xfeZk\xf3\xd9G\xd6\xe0\xc6\x1b\xacT\x01\x7f\x88\x87\xa2A\x00\x1c\x87\x82[\xfd\x92v\xce\x9c\xb9\xd9\x01\xacL\x9e\xfc\xab\xeb2\xc2\x07\xb5\xf5\xeb\xd7s\x1f\x08\x16.Z\xe4\xa6\xbde\xcb\xf2\xd7\x15\x8e\x9ec\xcd\x9a5\xc1T\x96\xf7\xde\xff \xc7s\x8b\x9eG\xcf\xa7\xe7\x8dE\xdb\xad\xf1j\xf2z~\xfd\x83T\xfb1r\xe4\xa8`\x0e\x00\x00\x00\x00\x00H\x05\xfa\xe2\xb2v\xedZ\xf6\xdb\x94)\xc1\x9c\x82k\xde\xac\x99]~\xe9%.\xf8|\xf8\xd1\xc7SzL\xcaw\xdf\x7f\xdf*T\xa8`\xd7^}\x955l\xd0 \x98\x9b;\xb5\xa3z`\xabS\xa7\x8e\xbd\xf5\xf6\xbbn\xff/\xe8{\xbe\rx\xa0\xbf=\xfd\xe4\xe3v\xe6\x19\xa7\xd9\x8a\xccL\xbb\x7f\xc0\x00\xf7\xc3\xfdT\xa7`S\xdd@\x1f|`\xceqkcQ[^q\xf9\xa5\x91\xfd^f\x8f&gt;\xfeD\xdc\xf1LS\xd9\x96-[\\\x0f}\xabV\xad\xb6c\x8e\xeec\xa7\x9fvjvU\xbd\xce\x85oF\x8c\xb4\xeb\xfb\xfd+G\x0f{\xff\xba\xe9f\x1b\xf5\xed\xe8\xec\xd7\x8a*\x88\xfb\x9e\xffO;\xe8\xc0^\xee\x1cy\xf8\xd1\xc7R\xfau$\xf3\xe6\xces\xd7M\x9b6u\xd7;\xaay\xf3\xe6\xeez\xce\xec\xd4\x1e7\x1a\xc5\xe3\xfe\xfb\xef\xcf\xf1c\x9c\xfc\xd0\xfb\xdb\r7\xdc\xe0n\xdfu\xd7]n\x9c\xdc\x0b.\xb8\xc0\x05\xa4\x8b\x17/\xb6\xcb/\xbf\xdc\xbe\xfc\xf2Kw\x7f:\xf9\xec\xb3\xcf\xec\xd8c\x8f\xb5\x07\x1f|\xd0&amp;N\x9ch\xfb\xec\xb3\x8f\x9d\x7f\xfe\xf9\xae{h\xed\xb7\xba\x88&gt;\xfa\xe8\xa3m\xd4\xa8Q\xf6\xc4\x13O\xb8\xaaa\x85\xc1\xe9\x10\x86\x17\xf5X\xc6/\xbf\xfcrp+=U=`\x7fW\xed[\xfb\x9c\xb3\xacD\xd9\xb2\xc1\xdc\xfc\xd3ck\xfe\xed\x04k\xf1\xca\x8bV\xa1U\xcb`.v6\x02\xe08\xda\xb4i\xed*}\xa3\x83]\x1f\xd4*dU\xd8\xba`\xc1B7\xb0\x7f\xbd\xbau\x83%\xb2\xd4\xa8Q\xdd-\xa7\xe5\xfd8\xc2\xb9u\xdd\x9chp\x1bM\xdd8\xc7\x1b\xdf7\x9ex\xe16\x00\x00\x00\x00\x00H~\xad\xf7l\xe5\xae\x7f\xfd\xed7w]\x10\xaaz\xd5\x18\xa7\x1a\xcbt\xdd\xfa\xf5\xf6\xc0\x83\x0fgw\x15\x99\xaa\x14n&gt;\xff\xdf\x17\xaca\xc3\x06v\xd7\x9d\xb7\xdb\xf5\xd7]\xe3*\x9b5\x86\xab\xbe\x0b\xd1&gt;\xd7\xabW\xd7\xf6\xde\xbb\x83\x1d\x7f\xdc\xb1v\xcdUW\xda}\xf7\xde\xe3\xbe\x03z\xf7\xbd\xf7]5\xe8\x1e{4u\xdf\xe3\xa8\xea\xf3\x8b/\xbftU\xaf\xb7\xdcz\xbb\xab\xb6N\x07&gt;\xd4\xdcm\xb7\xfa\xd6l\x8f=\x82\xb9\xb1\x9dv\xca\xc9\xee\xc7\x06\n\x7f\xd5C^\xba\xd28\xc0\xf7\x0fx\xd0]\xf7&gt;\xecP\xfbW\xbf\xeb]\xe5s"\xf6\x8c\xbc\x16o\xbd\xf9&amp;7\x8e\xb0\xba\x8c\xbe\x7f\xc0C.LNu\xbfO\x9fn3g\xcd\xb23N;\xcd\xbd^\x14r\x17\x84\x1e\xa7\x1e\x12u.i\x9d\x1aC\x1a\xc8\x8b\xde\x7f\x8f8\xe2\x08W\xb9\xea\xbbm\xce\x8b\x02\xe3\x17_|\xd1=nJ\xe8\xc7Qw\xdf}\xb7\x1b\xfbV!p\xbaT\xbc\xc63g\xce\x1c\x1b4h\x90]|\xf1\xc5v\xed\xb5\xd7\xbay\xea\xea\xf9\xa6\x9bn\xb2\xe1\xc3\x87\xbb\x1f\xbcx\xaa\x1a~\xe9\xa5\x97\xd2\xa2]\xb4\x1f\n\xbe\x17,X\x10\xcc)\x1c\xf3\xe6\xcd\xb3\x7f\xff\xfb\xdf\xae\x92&lt;]U\xeb}\x98\xed\xfe\xe0\xfdV\xbaz\xb5`Nl[#\xff\x06X7u\x9a\xad\xff}\xba\xbb\x9d\x9b\xb2\x91\x7fo5{\xee\x19+\xdf,\xf7\x7fc\x14T\xf9\xa6Mm\xf7\x87\x07X\xbb\xaf\xbfp\xe3\x05\xb7\x1f3\xd2\x05\xd85\x8e;&amp;X\xc2\xac\xf6\xdf\xcf\xce\xea\xc2z\xd47Y\xcb\x8c\x1de\xad\xde\x1ab\xd5\x8f&lt;\xc2*F\xfe\xcd\xb7\xe7\xfbo\xbb\xf9\xda\xf7\xb0\xfaW^\xee\xd6\xd7\xe6\xd3\x0f\xad\xca~\xfb\x06\xf3.\xb36\x9f\x0c\xb5\xbd\xbe\xfb\xd6]\xda\x0c\xfb\xd8v\x8b\xfc\xfb\xb2d\xc5\x8a\xee\xfedW\xa2u\xeb\xd6\xc5\xd2\x89y\xfb\xf6\xed]?\xf4\x9d:u\xb2\xf5\x91\x0f\x16\xf9\xa5\xee{\xd4\xfd\xc3)\xa7\x9c\xe2\xfa\xed/j\xea"Y\x1f\x06\xf4\x01\xc0w\xed\xec\xf9\xb1y}\xf7\xcc~\x0c\xe0\xd7\xdfx\xd3-\xab0V\xdd+\xfbi?\x96\xb0\xfex\xddv\xc7]\xc1ZrR8\xac\x008\xdc\xe5s,\xd1\xcb\xe9\xb94v\xb0\xef\xca\xd9?W\xc5\xd0\t\xa8\xb1Y\x9e\xfe\xcf\xb3\xd9]N\xfbe\xf4\x0f~U27n\xdc\xd8\xcd\xd7/9\xfd6\x03\x00\x00\x00\x00\x80\xe4\xa4.y{\xec\xb7\xaf]z\xf9\x95V\xb7n\x1dk\xdb\xa6\x8d\x0b\xa2Z\xb5li\x99\x99+\xed\xab\xaf\xbf\xb6Q\xdf~\xebnG\xd3w\n\xdd\xbbw\xb3\xa3\xfb\x1ce\xd522l\xd2\xa4\x1f\xec\xd9\xe7\x06\xa5U\xc0\xa7n.\x0f\xecu\x80\xed\xbbow\xabS\xbbv0w{\xfa\x11\xfe\x98\xb1c\xed\x8b/\xbfJ\x8b\xea\xdeDih\xb1\xfe\xff\xbe\xc7U\x90\xab\xfa5V\xb5\xea^\xed\xdb\xdb\xd5W]aC?\xfc\xc8\xdez\xfb\x9d`nz\xabR\xa5\xb2]z\xc9\xc5\xeeu$\x13&amp;N\xb2\x11#G\xda\x8f?\xfe\x94\xa3\x8d\x14j\xee\xdd\xa1\x83\x1dtP/\xd7\xc3\x9eL\xfa\xe1G{v\xe0si\xf5:\xd2y\xf2\x8f\xf3\xfe\xee\xc6A\xdeQ?\xfd\xfc\xb3\xbd\xf0\xe2K\xf9.|A\xf1\xeb\xd6\xb5\xb3\x8d\x1d7&gt;\x98J\x1f\xb7\xdez\xab\xeb\x02Z\xa1\xf2\xc3\x0f?\x1c\xccM_={\xf6tU\xbe\nxGF\xde\xc7\xe2\xd9\xd5\xda%\x1d\xbcV)#\xb8\xb5\xe3\xf6|\xef-\x17\xd8\xc6\xb3\xf2\xebo\xec\xcf\xc1Cl\xf5\xf8\t\xc1\x9c,\x95\xbbt\xb6Zg\x9cfU\xf7\xef\x19\xcc\xd9\xde\xea\xef\xc6\xd9\x8cK\xaf\x08\xa6\x12\xb3\xc7S\x8f[\xe5\xae]l\xfd\xcc\x996\xf5\x943\x82\xb9\x7fQ\xf8\xdb\xf8\x9e;]\xd7\xd3\x9b"\xffn\xdb\xb2|\x85\x95\xacT\xd1\xca\xd6\xafo[V\xad\xb2y\xfd\x07\xd8\x8a\xcf\x86Y\xcb\xd7_u\xf36\xeaG\x01\x9b\xb7X\x99\xc8\xbf\x95\xd5\xcd\xf5\xc6\xf9\xf3m\xf6\xcd\xb7Y\xadSO\xb1j\xbd\x0f\xb5\x8d\x0b\x17\xda\xec\x1bo\xb2\xb5\x93\x7fu\xebo&gt;\xe8Y\xab\xb8W{[9r\x94\xcd\xba\xfa:kt\xfb\xadV\xed\xc8\xc3m\xdb\xfa\xf5\x91u-4+Y\xc2\xca\xa9\x87\x99\xc8\xbf\x03\x96\xbd\xf5\xb6\xcd\xbb\xffA\xf7\xb8\x82:mMfp\xab\xe8\x14[\x00\xdc\xb0aC\xd7\x15\xc1\xa1\x87\x1ej\xf3\x0bPu\xda\xaaU+\xd7W\xfd!\x87\x1cR\xe8\xbf\xe6\x88%\xaf\x00X\xe3\xfe\x86CU\xcd\xd3/\xe2$\x91 U\xbf&lt;\xd5?\xa4k\xd6\xac\xe9\xa6\xf5\x81K\xbf\xa8\xccMt\xd0\x9c\x08\xff&lt;\xaaf\xf6\x8f\xd3\xbe\x9dr\xf2I\xee\x1f\xac\xe11\x80\x15.\xef\x16Y\x9e\x10\x18\x00\x00\x00\x00\x80\xe4u\xff}\xf7\xba\xca\xcc\r\x1b6\xb8@W\xfe\xf8c\xb6\xfd1{\xb6u\xdbg\x1f7N\xa9\xa8\xdbG\xfdx|\xfe\xfc\x05\x96\x91Q\xd5j\xd5\xac\xe5\xbe\xcfP\x17\xb7\xfa\x91\xfa\xab\x83\x87\xd8\xc4I\x93\xdc\xb2\xe9J\x05\x05u\xeb\xd6\xb5:\xb5k\xb9\xb1\xffV\xac\xc8\xb4E\x8b\x17\xb9\xb6\x89\x15\x90\xef*\xd4\xb5\xb5\xc67\xd6wl\xe3\xbe\x1f\x9f#\xe0\xcc\xa8Z\xd5z\xf4\xd8\xcf\x96/_a\xb7\xde~\x87\xeb\xf9nW\xa2j\xde\xd3N=%{,i}\xcf\xb7l\xf9r[\x99\x99\xe9~\\\xa0\xf3\xc8w\x13\xbdt\xd92{\xe5\x95\xc1i\xfd:R5\xb4\xbe\x8fT\x05}~m\xda\xb4\xc9\x85\xbf\xea\x85\x10\xa9!]\x03`\xb9\xe5\x96[\xec\xf4\xd3O\xb7\'\x9f|\xd2]\xd2Y\xa2\x01\xb0\xa8B\xf8\xcc3\xcf\xdc%\xda%\x1d\x14f\x00\xac*\xd8x\xb6m\xd9b\xbf\x1c\xdc\xdb\xb6\xae]\x1b\xcc\xc9I\x81j\xdb\xcf?\r\xa6\xb6\xb7e\xf5j\xfb\xe5\xa0\xc3\x82\xa9\xc4\xe4\x15\x007\xba\xed\x16\xab~\xd4\x11.\x90\x9eu]?\xb7m\xaa\xc4m\xf6\xec\xd3\xae\xdb\xe9\x15\xc3\x86\xdb\xec\xff\xbb\xc5\x8dc\xbc\xea\xdb\xd1\xb6\xf6\xa7\xacB\xd2\x1a\xc7\x1em\xbb]{Md\xa3K\xda\xa2g\x9f\x8b&lt;n\x9d\x1b\xf3\xd8J\x98-x\xe2)[\xfa\xfa\x9b.\xccnx\xf3\xff\xb9@Y\xcblY\xb9\xca\xea_q\x99m]\xbf\xde\xe6\xde}\xaf[\x9fh\x9c\xe3\x9a\'\x1cg\x1b\xe7\xcd\xb7\x99W]k\x1b"\xff\xf6.\xa8\xb4\n\x80\xf5\x0f#U\xf0\xea\x8d\xf6\x93O&gt;\t\xe6&amp;NoB\x97]v\x99\xed\xbboV\xe9uQK\xb4\x02X\x14\xb0\xaa\xbbg_\xdd\x9bH\xc5o4\x1f \xc7\n\x82\xc3aq8\xb0M\x94\x7f\xbc\xdfF\x1f\x00+\x88\x0fo_A\xb6\x1b\x00\x00\x00\x00\x00\x14\xaf;o\xbf\xcd\xca\x96-\xeb\xba\x80\x9e&lt;y\xb2M\xfe\xf57\xf7\x99_4_]\x1e\xab\xca\xb7v\xad\xda.\xc4\xaaT\xa9\xa2\xeb\x96v\xd9\xf2e6s\xe6,\x1b?a\x82\xfd\xf6\xdb\x94\x94\x1f\xa7\x14\x05W\xaaT)\xd7=\xb6\xbe#\xd29\x13\xa6`\\\x81\xe6\xbb\xef\xbd\xb7\xcb\x86\xe4*\x9aPe}\x97.\x9d\xadq\xe3F\xaeZ^?\xb6X\xbdz\r\xaf#\xa4\xb5t\x0e\x80E\xd9D\x97.]\xec\xb8\xe3\x8e\x0b\xe6\xa4\xa7f\xcd\x9a\xd9\xf3\xcf?o\xe7\x9dw\x9e\xcdH\xa0\xebu\xb5\x8bBc\x8d\x19\x8c\xe4V\x98\x01\xb0*eUU\x1b\x8b\xaf\x82\xcd\xcd\x1eO?\xe1\xaa\x81c\xd9\xf4\xe7\x9f\xf6\xeb\x91\x7fu\xcb\x9c\x88\xbc\x02\xe0\x96\x83\xff\xe7\xaa\x7f\xe3Y=\xee{\x9bq\xc9\xe5V\xb1};\xaby\xd2\x89V\xa1U++S\xbb\xb6\x0buKD\xfe\xdd\xb3m\xd3&amp;[\xfc\xe2\xcb\xb6\xe4\xe5W\xb6\x0b\x8d\xd5\xfds\xad\xd3O\xb5\x8ds\xe7\xd9\xack\xae\xb7\xdag\x9dn5"\xffN\xb2\x12%\x82\xb5\xe7\xb4i\xc9\x12\x9bs\xdb\x9d\xee9\x0b*\xad\x02`\xf9\xcf\x7f\xfe\xe3~5x\xc5\x15\xf9+\xfd.\x11i\xe4\x0f&gt;\xf8\xc0~\xff\xfd\xf7b\x1b\x98\xdc\x87\xa4\xc3?\xffb\xbb\xc05\xdc\r\xf3I\x7f;q\xbbj`\x89\xee\x06:\x11\xb1*\x8b}(+\xd1\xcf\x91\x1f\xe1m\xd6\xd86\x89\xec\x1b\xe3\x03\x03\x00\x00\x00\x00\x00\x00\xc0\xae!\xdd\x03` \xd5\x15f\x00\xac\n\xd7\xdag\x9f\x19L\xe54\xf7\xde\xfe\xb6\xec\x9dw\x83\xa9\xd8TY\xdb\xf0\x96\x9b\x82\xa9\x9cV\x8f\xfd\xcef\\ve0\x95\x98&lt;\x03\xe0 \xb0Ve\xef\x869s\x82\xb9\x7fY?}\x86i\x9c\xe2\x867\xdd\xe8\x82\xdf-\xabV\xbbn\xa07\xff\xf9\xa7[\xaf\xc2\\\x05\xc0\x8b\x9e\x19\xb8]%o\xa3\xdbn\xb6\x8a\xed\xda\xda\xd2w\xde\xb3y\xf7\xdd\xef\xaa\x815\xae\xf0\xa6%\x7f\xda\xeaq\xe3\x82g\xf8\xcb\x96\x95+m\xe9\x1bo\'}\x05pV\x7f%\xc5D\x03f\xab\x0b\xe8v\xed\xda\x05s\x12s\xf2\xc9\'\xdb\x1e{\xeca\xaf\xbe\xfaj0\xa7\xe8-X\xb0\xd0\x85\xd5\xf5\xea\xd6\r\xe6dQ5\xad\x02R\xfd\xb2V\x01i\x8d\x1a\xd5\xdd\xf8\x1e\xcb\x97\xe7\x1c\xc3\xe2\x97_&amp;\xbb\xc7\xab[\x98D-\\\xb4\xc8\xfd\xea\xb2~\xfdznZ!\xf4\x95\x91\x17\xa1\xd6\x7f\xef\xbf\xfb\x178\xfc\x8d\x16o\xdf&lt;\xbfo\x00\x00\x00\x00\x00\x00\x00\x00\x00H/\x7f\xbe\xfe\x86m^\xb1"\x98\xfa\xcb\xba\xdf\xa6\xd8\xf2\x0f?\n\xa6\xe2[&gt;\xf4#[\xf1\xe9\xb0`*\xa7\xa5o\xbe\x1d\xdc*|\x9b33]\xf5m\xf4e\xc9K\xff\xb3\xeaG\x1fee\xea\xd4q\xc1\xee\xf4\xf3/\xb4ig\xfd\xddV|6\xdc\xb6m\xde\x1c&lt;:\xcb\xaaQ\xdfF\xf6=\xd3J\xd7\xac\xe9\xc6\xf9-\xdb\xb0\xa1mY\xbd\xc6\xd6D\r\xe9\xa0\xc7i_\xa2\x9fk\xfe\x83\x8f\xecP\xf8[\\\x8a5\x00\xfe\xfa\xeb\xaf\xed\x9bo\xbe\xb1{\xef\xbd\xd7*W\xae\x1c\xcc\xcd]\xc7\x8e\x1d\xad_\xbf~\xf6\xe1\x87\x1f\xdaw\xdf}\x17\xcc-z\n[\xd5\x15\xb2\xbazV\xe8\xeb\xa9zV\xe3\xe9\xaa{%Y\xb6l\xb9U\xa8P\xc1\x8d\xbd\x13\xd6\xb6m\x1b\x17\xe6.[\xb6,\x98\x937\x05\xb2\nf\x15\xd0J\xcf\x1e\xfbYf\xe4d\xde\xd1j\\U\x11\xd7\xaaU\xcb\x8d\xb7\xa1\xf5\xc4\xdb7\xbf\x9c\xf6\t\x00\x00\x00\x00\x00\x00\x00\x00\x00\xe9g\xd3\xc2E6\xed\x8cs\\E\xec\xc2\'\x9f\xb69w\xdc\xed\xbaP\xfe\xfd\xbc\xf3m\xdb\xc6\x8d\xc1R\xf1m\xdb\xba\xd5f\xdf|\xabM=\xe3l\xfb\xe3_7\xd9\xfc\x87\x1e\xb1E\x03\x07\xb9ud~\xf5u\xb0T\xe1\xd9\x18\x8c\'_\xa9C\x07\xab\xf9\xb7\x13\xdcmQ\x97\xcf\x8d\xee\xbc\xcd*u\xdc\xdbJW\xab\xe6\xe6)\xb8\xdd\xb8h\x91\xbb]y\x9f\xaeV\xa2|yw\xdb[9b\xa4m\xf8\xe3\x0f+Y\xa1\xbcU\xed\xb1\xaf\x95\xca\xa8j\xeb\xa7O\xb7\x15\x9f|\xe6\xeeW\xb8\xbbu\xc3\x06+S\xb7N\xe4\xb9Nt\xf3Dc\x0e\xefv\xed\xd5V\xfb\xcc\xd3\x839\xc9\xadX\x03`Q\x98\xab\xf1\x80_z\xe9%\x176\xe6\xe6\x88#\x8e\xb0A\x83"\'\xcc\x8c\x19v\xeb\xad\xb7\x06s\x8b\xcf\xc8Q\xdf\xba\xb0W\xdd&lt;\x8b\xc2\xd2\xc3{\x1f\xe6\xc6\xce\xf5]\'\x7f\xfe\xc5\x97\xee\xfa\xe4\x93\xfe:\t\x14\xa4\x1e\xb0\x7fO\x17\xdeN\x9e\xfc\xab\x9b~\xf2\xf1G'... (set the log level to DEBUG or TRACE to see the full content) 
 </msg>
<msg timestamp="20230720 17:16:13.332" level="INFO">POST Response : url=https://petstore.swagger.io/v2/pet/788/uploadImage 
 status=200, reason=OK 
 headers={'Date': 'Thu, 20 Jul 2023 11:46:14 GMT', 'Content-Type': 'application/json', 'Transfer-Encoding': 'chunked', 'Connection': 'keep-alive', 'Access-Control-Allow-Origin': '*', 'Access-Control-Allow-Methods': 'GET, POST, DELETE, PUT', 'Access-Control-Allow-Headers': 'Content-Type, api_key, Authorization', 'Server': 'Jetty(9.2.9.v20150224)'} 
 body={"code":200,"type":"unknown","message":"additionalMetadata: null\nFile uploaded to ./file, 121204 bytes"} 
 </msg>
<msg timestamp="20230720 17:16:13.332" level="INFO">C:\Program Files\Python311\Lib\site-packages\urllib3\connectionpool.py:1056: InsecureRequestWarning: Unverified HTTPS request is being made to host 'petstore.swagger.io'. Adding certificate verification is strongly advised. See: https://urllib3.readthedocs.io/en/1.26.x/advanced-usage.html#ssl-warnings
  warnings.warn(</msg>
<msg timestamp="20230720 17:16:13.332" level="INFO">${response} = &lt;Response [200]&gt;</msg>
<status status="PASS" starttime="20230720 17:16:11.800" endtime="20230720 17:16:13.333"/>
</kw>
<kw name="Log" library="BuiltIn">
<arg>${response.json()}</arg>
<doc>Logs the given message with the given level.</doc>
<msg timestamp="20230720 17:16:13.334" level="INFO">{'code': 200, 'type': 'unknown', 'message': 'additionalMetadata: null\nFile uploaded to ./file, 121204 bytes'}</msg>
<status status="PASS" starttime="20230720 17:16:13.333" endtime="20230720 17:16:13.334"/>
</kw>
<kw name="Should Contain" library="BuiltIn">
<arg>${response.json()}[message]</arg>
<arg>File uploaded</arg>
<doc>Fails if ``container`` does not contain ``item`` one or more times.</doc>
<status status="PASS" starttime="20230720 17:16:13.335" endtime="20230720 17:16:13.335"/>
</kw>
<status status="PASS" starttime="20230720 17:16:11.747" endtime="20230720 17:16:13.336"/>
</test>
<kw name="Delete All Sessions" library="RequestsLibrary" type="TEARDOWN">
<doc>Removes all the session objects</doc>
<msg timestamp="20230720 17:16:13.337" level="INFO">Deleting All Sessions</msg>
<status status="PASS" starttime="20230720 17:16:13.337" endtime="20230720 17:16:13.338"/>
</kw>
<doc>Get request for path parameter and query parameter</doc>
<status status="PASS" starttime="20230720 17:16:11.436" endtime="20230720 17:16:13.338"/>
</suite>
<statistics>
<total>
<stat pass="1" fail="0" skip="0">All Tests</stat>
</total>
<tag>
</tag>
<suite>
<stat pass="1" fail="0" skip="0" id="s1" name="Demo2">Demo2</stat>
</suite>
</statistics>
<errors>
</errors>
</robot>
