<?xml version="1.0" encoding="UTF-8"?>
<robot generator="Robot 6.1 (Python 3.11.4 on win32)" generated="20230719 16:55:38.513" rpa="false" schemaversion="4">
<suite id="s1" name="Demo6 Suite" source="C:\Mine\Company\CGI Python Robot July 2023\AutomationProject\robot_suite\demo6_suite.robot">
<test id="s1-t1" name="TC" line="6">
<kw name="TC1 Template">
<arg>hi</arg>
<msg timestamp="20230719 16:55:38.622" level="FAIL">Keyword 'TC1 Template' expected 2 arguments, got 1.</msg>
<status status="FAIL" starttime="20230719 16:55:38.622" endtime="20230719 16:55:38.630"/>
</kw>
<status status="FAIL" starttime="20230719 16:55:38.620" endtime="20230719 16:55:38.632">Keyword 'TC1 Template' expected 2 arguments, got 1.</status>
</test>
<status status="FAIL" starttime="20230719 16:55:38.523" endtime="20230719 16:55:38.635"/>
</suite>
<statistics>
<total>
<stat pass="0" fail="1" skip="0">All Tests</stat>
</total>
<tag>
</tag>
<suite>
<stat pass="0" fail="1" skip="0" id="s1" name="Demo6 Suite">Demo6 Suite</stat>
</suite>
</statistics>
<errors>
</errors>
</robot>
