<?xml version="1.0" encoding="UTF-8"?>
<robot generator="Robot 6.1 (Python 3.11.4 on win32)" generated="20230721 17:42:55.757" rpa="false" schemaversion="4">
<suite id="s1" name="Demo2 Excel" source="C:\Mine\Company\CGI Python Robot July 2023\AutomationProject\rpaframework\demo2_excel.robot">
<test id="s1-t1" name="TC3" line="17">
<kw name="Open Workbook" library="RPA.Excel.Files">
<arg>path=${EXECDIR}${/}test_data${/}OpenEMRData.xlsx</arg>
<doc>Open an existing Excel workbook.</doc>
<msg timestamp="20230721 17:42:56.332" level="INFO">Opened workbook: &lt;RPA.Excel.Files.XlsxWorkbook object at 0x0000028FE361FCD0&gt;</msg>
<status status="PASS" starttime="20230721 17:42:56.243" endtime="20230721 17:42:56.333"/>
</kw>
<kw name="Read Worksheet" library="RPA.Excel.Files">
<var>${sheeet}</var>
<arg>test_invalid_login</arg>
<doc>Read the content of a worksheet into a list of dictionaries.</doc>
<msg timestamp="20230721 17:42:56.334" level="INFO">${sheeet} = [{'A': 'hello', 'B': 'Password', 'C': 'Language', 'D': 'ExpectedError'}, {'A': 'john', 'B': 'receptionist', 'C': 'English (Indian)', 'D': 'Invalid username or password'}, {'A': 'peter', 'B': 'clinicia...</msg>
<status status="PASS" starttime="20230721 17:42:56.333" endtime="20230721 17:42:56.334"/>
</kw>
<kw name="Get Cell Value" library="RPA.Excel.Files">
<var>${cell}</var>
<arg>1</arg>
<arg>1</arg>
<doc>Get a cell value in the given worksheet.</doc>
<msg timestamp="20230721 17:42:56.334" level="INFO">${cell} = hello</msg>
<status status="PASS" starttime="20230721 17:42:56.334" endtime="20230721 17:42:56.335"/>
</kw>
<kw name="Log" library="BuiltIn">
<arg>${cell}</arg>
<doc>Logs the given message with the given level.</doc>
<msg timestamp="20230721 17:42:56.335" level="INFO">hello</msg>
<status status="PASS" starttime="20230721 17:42:56.335" endtime="20230721 17:42:56.335"/>
</kw>
<kw name="Set Cell Value" library="RPA.Excel.Files">
<arg>1</arg>
<arg>3</arg>
<arg>hello</arg>
<doc>Set a cell value in the given worksheet.</doc>
<status status="PASS" starttime="20230721 17:42:56.335" endtime="20230721 17:42:56.336"/>
</kw>
<kw name="Save Workbook" library="RPA.Excel.Files">
<doc>Save the active workbook.</doc>
<status status="PASS" starttime="20230721 17:42:56.336" endtime="20230721 17:42:56.436"/>
</kw>
<status status="PASS" starttime="20230721 17:42:56.242" endtime="20230721 17:42:56.437"/>
</test>
<status status="PASS" starttime="20230721 17:42:55.759" endtime="20230721 17:42:56.437"/>
</suite>
<statistics>
<total>
<stat pass="1" fail="0" skip="0">All Tests</stat>
</total>
<tag>
</tag>
<suite>
<stat pass="1" fail="0" skip="0" id="s1" name="Demo2 Excel">Demo2 Excel</stat>
</suite>
</statistics>
<errors>
</errors>
</robot>
