<?xml version="1.0" encoding="UTF-8"?>
<robot generator="Robot 6.1 (Python 3.11.4 on win32)" generated="20230720 14:48:06.209" rpa="false" schemaversion="4">
<suite id="s1" name="Demo1 Suite" source="C:\Mine\Company\CGI Python Robot July 2023\AutomationProject\db_suite\demo1_suite.robot">
<kw name="Connect To Database" library="DatabaseLibrary" type="SETUP">
<arg>dbapiModuleName=pymysql</arg>
<arg>dbName=dbfree_db</arg>
<arg>dbUsername=dbfree_db</arg>
<arg>dbPassword=12345678</arg>
<arg>dbHost=db4free.net</arg>
<arg>dbPort=3306</arg>
<doc>Loads the DB API 2.0 module given `dbapiModuleName` then uses it to
connect to the database using `dbName`, `dbUsername`, and `dbPassword`.</doc>
<msg timestamp="20230720 14:48:06.330" level="INFO">Connecting using : pymysql.connect(db=dbfree_db, user=dbfree_db, passwd=***, host=db4free.net, port=3306, charset=None) </msg>
<status status="PASS" starttime="20230720 14:48:06.258" endtime="20230720 14:48:07.283"/>
</kw>
<test id="s1-t1" name="TC5" line="48">
<kw name="Query" library="DatabaseLibrary">
<var>${output}</var>
<arg>select * from Products where Product_ID=1</arg>
<doc>Uses the input `selectStatement` to query for the values that will be returned as a list of tuples. Set optional
input `sansTran` to True to run command without an explicit transaction commit or rollback.
Set optional input `returnAsDict` to True to return values as a list of dictionaries.</doc>
<msg timestamp="20230720 14:48:07.288" level="INFO">Executing : Query  |  select * from Products where Product_ID=1 </msg>
<msg timestamp="20230720 14:48:07.631" level="INFO">${output} = ((1, 'NEW WATCH', 'analog watch'),)</msg>
<status status="PASS" starttime="20230720 14:48:07.287" endtime="20230720 14:48:07.631"/>
</kw>
<kw name="Log To Console" library="BuiltIn">
<arg>${output}</arg>
<doc>Logs the given message to the console.</doc>
<status status="PASS" starttime="20230720 14:48:07.633" endtime="20230720 14:48:07.635"/>
</kw>
<status status="PASS" starttime="20230720 14:48:07.285" endtime="20230720 14:48:07.636"/>
</test>
<kw name="Disconnect From Database" library="DatabaseLibrary" type="TEARDOWN">
<doc>Disconnects from the database.
By default it's not an error if there was no open database connection -
suitable for usage as a teardown.
However you can enforce it using the `error_if_no_connection` parameter.</doc>
<msg timestamp="20230720 14:48:07.640" level="INFO">Executing : Disconnect From Database</msg>
<status status="PASS" starttime="20230720 14:48:07.639" endtime="20230720 14:48:07.642"/>
</kw>
<status status="PASS" starttime="20230720 14:48:06.212" endtime="20230720 14:48:07.643"/>
</suite>
<statistics>
<total>
<stat pass="1" fail="0" skip="0">All Tests</stat>
</total>
<tag>
</tag>
<suite>
<stat pass="1" fail="0" skip="0" id="s1" name="Demo1 Suite">Demo1 Suite</stat>
</suite>
</statistics>
<errors>
</errors>
</robot>
